#
# There is insufficient memory for the Java Runtime Environment to continue.
# Native memory allocation (mmap) failed to map 4128768 bytes for G1 virtual space
# Possible reasons:
#   The system is out of physical RAM or swap space
#   The process is running with CompressedOops enabled, and the Java Heap may be blocking the growth of the native heap
# Possible solutions:
#   Reduce memory load on the system
#   Increase physical memory or swap space
#   Check if swap backing store is full
#   Decrease Java heap size (-Xmx/-Xms)
#   Decrease number of Java threads
#   Decrease Java thread stack sizes (-Xss)
#   Set larger code cache with -XX:ReservedCodeCacheSize=
#   JVM is running with Zero Based Compressed Oops mode in which the Java heap is
#     placed in the first 32GB address space. The Java Heap base address is the
#     maximum limit for the native heap growth. Please use -XX:HeapBaseMinAddress
#     to set the Java Heap base and to place the Java Heap above 32GB virtual address.
# This output file may be truncated or incomplete.
#
#  Out of Memory Error (os_windows.cpp:3600), pid=37692, tid=14892
#
# JRE version:  (21.0.2+13) (build )
# Java VM: Java HotSpot(TM) 64-Bit Server VM (21.0.2+13-LTS-58, mixed mode, sharing, tiered, compressed oops, compressed class ptrs, g1 gc, windows-amd64)
# No core dump will be written. Minidumps are not enabled by default on client versions of Windows
#

---------------  S U M M A R Y ------------

Command Line: -XX:+ShowCodeDetailsInExceptionMessages com.example.Main

Host: 13th Gen Intel(R) Core(TM) i7-1355U, 12 cores, 15G,  Windows 11 , 64 bit Build 22621 (10.0.22621.3085)
Time: Wed Mar 20 20:33:46 2024 Eastern Daylight Time elapsed time: 0.024920 seconds (0d 0h 0m 0s)

---------------  T H R E A D  ---------------

Current thread (0x000001d9c2ac77e0):  JavaThread "Unknown thread" [_thread_in_vm, id=14892, stack(0x0000006173f00000,0x0000006174000000) (1024K)]

Stack: [0x0000006173f00000,0x0000006174000000]
Native frames: (J=compiled Java code, j=interpreted, Vv=VM code, C=native code)
V  [jvm.dll+0x6cade9]
V  [jvm.dll+0x8569c1]
V  [jvm.dll+0x858d2e]
V  [jvm.dll+0x859413]
V  [jvm.dll+0x280e56]
V  [jvm.dll+0x6c74d5]
V  [jvm.dll+0x6bbeca]
V  [jvm.dll+0x355bca]
V  [jvm.dll+0x35d816]
V  [jvm.dll+0x3ae693]
V  [jvm.dll+0x3ae928]
V  [jvm.dll+0x3295dc]
V  [jvm.dll+0x32a16b]
V  [jvm.dll+0x81efa9]
V  [jvm.dll+0x3bba01]
V  [jvm.dll+0x807928]
V  [jvm.dll+0x44f50e]
V  [jvm.dll+0x450e11]
C  [jli.dll+0x52a3]
C  [ucrtbase.dll+0x29363]
C  [KERNEL32.DLL+0x1257d]
C  [ntdll.dll+0x5aa58]


---------------  P R O C E S S  ---------------

Threads class SMR info:
_java_thread_list=0x00007ff82be2bb88, length=0, elements={
}

Java Threads: ( => current thread )
Total: 0

Other Threads:
  0x000001d9c4c8ca50 WorkerThread "GC Thread#0"                     [id=12076, stack(0x0000006174000000,0x0000006174100000) (1024K)]
  0x000001d9c4c9d670 ConcurrentGCThread "G1 Main Marker"            [id=2312, stack(0x0000006174100000,0x0000006174200000) (1024K)]
  0x000001d9c4c9e070 WorkerThread "G1 Conc#0"                       [id=30372, stack(0x0000006174200000,0x0000006174300000) (1024K)]

[error occurred during error reporting (printing all threads), id 0xc0000005, EXCEPTION_ACCESS_VIOLATION (0xc0000005) at pc=0x00007ff82b59c6a7]
VM state: not at safepoint (not fully initialized)

VM Mutex/Monitor currently owned by a thread:  ([mutex/lock_event])
[0x00007ff82be9ce68] Heap_lock - owner thread: 0x000001d9c2ac77e0

Heap address: 0x0000000704e00000, size: 4018 MB, Compressed Oops mode: Zero based, Oop shift amount: 3

CDS archive(s) mapped at: [0x0000000000000000-0x0000000000000000-0x0000000000000000), size 0, SharedBaseAddress: 0x0000000800000000, ArchiveRelocationMode: 1.
Narrow klass base: 0x0000000000000000, Narrow klass shift: 0, Narrow klass range: 0x0

GC Precious Log:
 CardTable entry size: 512
 Card Set container configuration: InlinePtr #cards 4 size 8 Array Of Cards #cards 16 size 48 Howl #buckets 8 coarsen threshold 3686 Howl Bitmap #cards 512 size 80 coarsen threshold 460 Card regions per heap region 1 cards per card region 4096

Heap:
 garbage-first heap   total 0K, used 0K [0x0000000704e00000, 0x0000000800000000)
  region size 2048K, 0 young (0K), 0 survivors (0K)

[error occurred during error reporting (printing heap information), id 0xc0000005, EXCEPTION_ACCESS_VIOLATION (0xc0000005) at pc=0x00007ff82b9839f9]
GC Heap History (0 events):
No events

Dll operation events (1 events):
Event: 0.013 Loaded shared library C:\Program Files\Java\jdk-21\bin\java.dll

Deoptimization events (0 events):
No events

Classes loaded (0 events):
No events

Classes unloaded (0 events):
No events

Classes redefined (0 events):
No events

Internal exceptions (0 events):
No events

ZGC Phase Switch (0 events):
No events

VM Operations (0 events):
No events

Events (0 events):
No events


Dynamic libraries:
0x00007ff73c7d0000 - 0x00007ff73c7e0000 	C:\Program Files\Java\jdk-21\bin\java.exe
0x00007ff890370000 - 0x00007ff890587000 	C:\Windows\SYSTEM32\ntdll.dll
0x00007ff88ef70000 - 0x00007ff88f034000 	C:\Windows\System32\KERNEL32.DLL
0x00007ff88dd10000 - 0x00007ff88e0b6000 	C:\Windows\System32\KERNELBASE.dll
0x00007ff88d8c0000 - 0x00007ff88d9d1000 	C:\Windows\System32\ucrtbase.dll
0x00007ff877e10000 - 0x00007ff877e2b000 	C:\Program Files\Java\jdk-21\bin\VCRUNTIME140.dll
0x00007ff876ad0000 - 0x00007ff876ae9000 	C:\Program Files\Java\jdk-21\bin\jli.dll
0x00007ff8900a0000 - 0x00007ff890153000 	C:\Windows\System32\ADVAPI32.dll
0x00007ff88e9b0000 - 0x00007ff88ea57000 	C:\Windows\System32\msvcrt.dll
0x00007ff88fbd0000 - 0x00007ff88fc78000 	C:\Windows\System32\sechost.dll
0x00007ff88d6b0000 - 0x00007ff88d6d8000 	C:\Windows\System32\bcrypt.dll
0x00007ff88e410000 - 0x00007ff88e527000 	C:\Windows\System32\RPCRT4.dll
0x00007ff88e0c0000 - 0x00007ff88e26e000 	C:\Windows\System32\USER32.dll
0x00007ff88d9e0000 - 0x00007ff88da06000 	C:\Windows\System32\win32u.dll
0x00007ff88ea60000 - 0x00007ff88ea89000 	C:\Windows\System32\GDI32.dll
0x00007ff86d9b0000 - 0x00007ff86dc43000 	C:\Windows\WinSxS\amd64_microsoft.windows.common-controls_6595b64144ccf1df_6.0.22621.2506_none_270c5ae97388e100\COMCTL32.dll
0x00007ff88da90000 - 0x00007ff88dba8000 	C:\Windows\System32\gdi32full.dll
0x00007ff88dc70000 - 0x00007ff88dd0a000 	C:\Windows\System32\msvcp_win.dll
0x00007ff87cc10000 - 0x00007ff87cc1a000 	C:\Windows\SYSTEM32\VERSION.dll
0x00007ff8901e0000 - 0x00007ff890211000 	C:\Windows\System32\IMM32.DLL
0x00007ff888460000 - 0x00007ff88846c000 	C:\Program Files\Java\jdk-21\bin\vcruntime140_1.dll
0x00007ff855000000 - 0x00007ff85508e000 	C:\Program Files\Java\jdk-21\bin\msvcp140.dll
0x00007ff82b260000 - 0x00007ff82bf77000 	C:\Program Files\Java\jdk-21\bin\server\jvm.dll
0x00007ff890160000 - 0x00007ff8901d1000 	C:\Windows\System32\WS2_32.dll
0x00007ff884d80000 - 0x00007ff884db4000 	C:\Windows\SYSTEM32\WINMM.dll
0x00007ff88d4d0000 - 0x00007ff88d51d000 	C:\Windows\SYSTEM32\POWRPROF.dll
0x00007ff88d3b0000 - 0x00007ff88d3c3000 	C:\Windows\SYSTEM32\UMPDC.dll
0x00007ff88c610000 - 0x00007ff88c628000 	C:\Windows\SYSTEM32\kernel.appcore.dll
0x00007ff877e00000 - 0x00007ff877e0a000 	C:\Program Files\Java\jdk-21\bin\jimage.dll
0x00007ff88af10000 - 0x00007ff88b143000 	C:\Windows\SYSTEM32\DBGHELP.DLL
0x00007ff88fd00000 - 0x00007ff890089000 	C:\Windows\System32\combase.dll
0x00007ff88f040000 - 0x00007ff88f117000 	C:\Windows\System32\OLEAUT32.dll
0x00007ff8838a0000 - 0x00007ff8838d2000 	C:\Windows\SYSTEM32\dbgcore.DLL
0x00007ff88da10000 - 0x00007ff88da8a000 	C:\Windows\System32\bcryptPrimitives.dll
0x00007ff876040000 - 0x00007ff87605f000 	C:\Program Files\Java\jdk-21\bin\java.dll

dbghelp: loaded successfully - version: 4.0.5 - missing functions: none
symbol engine: initialized successfully - sym options: 0x614 - pdb path: .;C:\Program Files\Java\jdk-21\bin;C:\Windows\SYSTEM32;C:\Windows\WinSxS\amd64_microsoft.windows.common-controls_6595b64144ccf1df_6.0.22621.2506_none_270c5ae97388e100;C:\Program Files\Java\jdk-21\bin\server

VM Arguments:
jvm_args: -XX:+ShowCodeDetailsInExceptionMessages 
java_command: com.example.Main
java_class_path (initial): C:\Users\takda\OneDrive\Documents\GitHub\Deliverable2\del2\target\classes
Launcher Type: SUN_STANDARD

[Global flags]
     intx CICompilerCount                          = 4                                         {product} {ergonomic}
     uint ConcGCThreads                            = 3                                         {product} {ergonomic}
     uint G1ConcRefinementThreads                  = 10                                        {product} {ergonomic}
   size_t G1HeapRegionSize                         = 2097152                                   {product} {ergonomic}
    uintx GCDrainStackTargetSize                   = 64                                        {product} {ergonomic}
   size_t InitialHeapSize                          = 264241152                                 {product} {ergonomic}
   size_t MarkStackSize                            = 4194304                                   {product} {ergonomic}
   size_t MaxHeapSize                              = 4213178368                                {product} {ergonomic}
   size_t MinHeapDeltaBytes                        = 2097152                                   {product} {ergonomic}
   size_t MinHeapSize                              = 8388608                                   {product} {ergonomic}
    uintx NonNMethodCodeHeapSize                   = 5839372                                {pd product} {ergonomic}
    uintx NonProfiledCodeHeapSize                  = 122909434                              {pd product} {ergonomic}
    uintx ProfiledCodeHeapSize                     = 122909434                              {pd product} {ergonomic}
    uintx ReservedCodeCacheSize                    = 251658240                              {pd product} {ergonomic}
     bool SegmentedCodeCache                       = true                                      {product} {ergonomic}
     bool ShowCodeDetailsInExceptionMessages       = true                                   {manageable} {command line}
   size_t SoftMaxHeapSize                          = 4213178368                             {manageable} {ergonomic}
     bool UseCompressedOops                        = true                           {product lp64_product} {ergonomic}
     bool UseG1GC                                  = true                                      {product} {ergonomic}
     bool UseLargePagesIndividualAllocation        = false                                  {pd product} {ergonomic}

Logging:
Log output configuration:
 #0: stdout all=warning uptime,level,tags foldmultilines=false
 #1: stderr all=off uptime,level,tags foldmultilines=false

Environment Variables:
JAVA_HOME=C:\Program Files\Java\jdk-21
PATH=C:\Program Files\Common Files\Oracle\Java\javapath;C:\Windows\system32;C:\Windows;C:\Windows\System32\Wbem;C:\Windows\System32\WindowsPowerShell\v1.0\;C:\Windows\System32\OpenSSH\;C:\Program Files\dotnet\;C:\Program Files\Git\cmd;%JAVA_HOME%\bin;C:\Users\takda\AppData\Local\Microsoft\WindowsApps;C:\Users\takda\AppData\Local\Programs\Microsoft VS Code\bin;C:\Users\takda\AppData\Local\GitHubDesktop\bin
USERNAME=takda
LANG=en_US.UTF-8
OS=Windows_NT
PROCESSOR_IDENTIFIER=Intel64 Family 6 Model 186 Stepping 3, GenuineIntel
TMP=C:\Users\takda\AppData\Local\Temp
TEMP=C:\Users\takda\AppData\Local\Temp




Periodic native trim disabled

---------------  S Y S T E M  ---------------

OS:
 Windows 11 , 64 bit Build 22621 (10.0.22621.3085)
OS uptime: 9 days 7:23 hours
Hyper-V role detected

CPU: total 12 (initial active 12) (6 cores per cpu, 2 threads per core) family 6 model 186 stepping 3 microcode 0x410e, cx8, cmov, fxsr, ht, mmx, 3dnowpref, sse, sse2, sse3, ssse3, sse4.1, sse4.2, popcnt, lzcnt, tsc, tscinvbit, avx, avx2, aes, erms, clmul, bmi1, bmi2, adx, sha, fma, vzeroupper, clflush, clflushopt, clwb, hv, serialize, rdtscp, rdpid, fsrm, f16c, cet_ibt, cet_ss
Processor Information for processor 0
  Max Mhz: 1700, Current Mhz: 1700, Mhz Limit: 1700
Processor Information for processor 1
  Max Mhz: 1700, Current Mhz: 1700, Mhz Limit: 1700
Processor Information for processor 2
  Max Mhz: 1700, Current Mhz: 1700, Mhz Limit: 1700
Processor Information for processor 3
  Max Mhz: 1700, Current Mhz: 1700, Mhz Limit: 1700
Processor Information for processor 4
  Max Mhz: 1700, Current Mhz: 1200, Mhz Limit: 1190
Processor Information for processor 5
  Max Mhz: 1700, Current Mhz: 1200, Mhz Limit: 1190
Processor Information for processor 6
  Max Mhz: 1700, Current Mhz: 1200, Mhz Limit: 1190
Processor Information for processor 7
  Max Mhz: 1700, Current Mhz: 1200, Mhz Limit: 1190
Processor Information for processor 8
  Max Mhz: 1700, Current Mhz: 1200, Mhz Limit: 1190
Processor Information for processor 9
  Max Mhz: 1700, Current Mhz: 1200, Mhz Limit: 1190
Processor Information for processor 10
  Max Mhz: 1700, Current Mhz: 1200, Mhz Limit: 1190
Processor Information for processor 11
  Max Mhz: 1700, Current Mhz: 1200, Mhz Limit: 1190

Memory: 4k page, system-wide physical 16068M (542M free)
TotalPageFile size 65220M (AvailPageFile size 5M)
current process WorkingSet (physical memory assigned to process): 11M, peak: 11M
current process commit charge ("private bytes"): 317M, peak: 320M

vm_info: Java HotSpot(TM) 64-Bit Server VM (21.0.2+13-LTS-58) for windows-amd64 JRE (21.0.2+13-LTS-58), built on 2024-01-05T18:32:24Z by "mach5one" with MS VC++ 17.1 (VS2022)

END.
